
> my-v0-project@0.1.0 dev
> next dev

   ▲ Next.js 15.2.4
   - Local:        http://localhost:3000
   - Network:      http://10.183.159.2:3000
   - Environments: .env.local
   - Experiments (use with caution):
     ⨯ reactCompiler

 ✓ Starting...
 ✓ Ready in 1968ms
 ○ Compiling /api/orders ...
 ✓ Compiled /api/orders in 839ms (408 modules)
📋 JSON FILE ACCESS: orders data accessed from orders.json -> GET()
📋 JSON FILE ACCESS: orders.json accessed from api/orders/route.ts -> readOrdersData()
 GET /api/orders 200 in 1007ms
📋 JSON FILE ACCESS: orders data accessed from orders.json -> GET()
📋 JSON FILE ACCESS: orders.json accessed from api/orders/route.ts -> readOrdersData()
 GET /api/orders 200 in 9ms
📋 JSON FILE ACCESS: orders data accessed from orders.json -> GET()
📋 JSON FILE ACCESS: orders.json accessed from api/orders/route.ts -> readOrdersData()
 GET /api/orders 200 in 9ms
📋 JSON FILE ACCESS: orders data accessed from orders.json -> GET()
📋 JSON FILE ACCESS: orders.json accessed from api/orders/route.ts -> readOrdersData()
 GET /api/orders 200 in 6ms
📋 JSON FILE ACCESS: orders data accessed from orders.json -> GET()
📋 JSON FILE ACCESS: orders.json accessed from api/orders/route.ts -> readOrdersData()
 GET /api/orders 200 in 7ms
📋 JSON FILE ACCESS: orders data accessed from orders.json -> GET()
📋 JSON FILE ACCESS: orders.json accessed from api/orders/route.ts -> readOrdersData()
 GET /api/orders 200 in 5ms
📋 JSON FILE ACCESS: orders data accessed from orders.json -> GET()
📋 JSON FILE ACCESS: orders.json accessed from api/orders/route.ts -> readOrdersData()
 GET /api/orders 200 in 10ms
📋 JSON FILE ACCESS: orders data accessed from orders.json -> GET()
📋 JSON FILE ACCESS: orders.json accessed from api/orders/route.ts -> readOrdersData()
 GET /api/orders 200 in 7ms
📋 JSON FILE ACCESS: orders data accessed from orders.json -> GET()
📋 JSON FILE ACCESS: orders.json accessed from api/orders/route.ts -> readOrdersData()
 GET /api/orders 200 in 8ms
📋 JSON FILE ACCESS: orders data accessed from orders.json -> GET()
📋 JSON FILE ACCESS: orders.json accessed from api/orders/route.ts -> readOrdersData()
 GET /api/orders 200 in 7ms
📋 JSON FILE ACCESS: orders data accessed from orders.json -> GET()
📋 JSON FILE ACCESS: orders.json accessed from api/orders/route.ts -> readOrdersData()
 GET /api/orders 200 in 6ms
📋 JSON FILE ACCESS: orders data accessed from orders.json -> GET()
📋 JSON FILE ACCESS: orders.json accessed from api/orders/route.ts -> readOrdersData()
 GET /api/orders 200 in 6ms
 ○ Compiling /api/menu ...
 ✓ Compiled /api/menu in 925ms (545 modules)
🔥 FIREBASE ACCESS: Fetching menu data from Firestore collection "menu"
✅ Successfully fetched 34 menu categories from Firebase
📊 FIREBASE MENU CATEGORIES: Breakfast (12 items), Starter (2 items), HOT BEVERAGE (8 items), SOUP (14 items), SALADS (6 items), BREADS (5 items), NADANKOOTTU (14 items), BIRIYANI (9 items), MEALS (3 items), INDIAN RICE (7 items), AL FAHAM (30 items), VEG CURRY (6 items), NON INDIAN (3 items), SANDWICH (2 items), SANDWICH (4 items), BEEF (5 items), SEAFOOD (11 items), GRILLED FISH (3 items), RICE AND NOODLES (19 items), VEG CHINESE (6 items), NON CHINESE (8 items), BURGER (6 items), MOJITTO (13 items), FLAVOR SODA (6 items), SHARJA (3 items), SHAKES (14 items), FALOODA (5 items), FALOODA (4 items), SARBATH (2 items), LESSI (5 items), FRESH JUICE (6 items), DESSERT (13 items), HEALTHY JUICE (9 items), ROLLS (2 items)
 GET /api/menu 200 in 1788ms
 ○ Compiling /_not-found ...
 ✓ Compiled /_not-found in 2.7s (1120 modules)
 ⨯ [Error: ENOENT: no such file or directory, open '/home/delin/Documents/GitHub/BloomCafeNextJS (copy)/.next/server/app/api/orders/route.js'] {
  errno: -2,
  code: 'ENOENT',
  syscall: 'open',
  path: '/home/delin/Documents/GitHub/BloomCafeNextJS (copy)/.next/server/app/api/orders/route.js',
  page: '/api/orders'
}
 GET /api/orders 404 in 3596ms
 ○ Compiling /_error ...
 GET /api/orders 500 in 1962ms
 ✓ Compiled /_error in 2.9s (1450 modules)
 ✓ Compiled in 254ms (617 modules)
 ✓ Compiled in 335ms (617 modules)
 ✓ Compiled in 230ms (617 modules)
 ✓ Compiled in 220ms (617 modules)
 ✓ Compiled in 220ms (617 modules)
 ✓ Compiled in 271ms (617 modules)
 ✓ Compiled in 228ms (617 modules)
 ✓ Compiled in 213ms (617 modules)
 ✓ Compiled in 202ms (617 modules)
 ✓ Compiled in 207ms (617 modules)
 ✓ Compiled in 208ms (617 modules)
 ✓ Compiled in 209ms (617 modules)
 ✓ Compiled in 211ms (617 modules)
 ✓ Compiled in 213ms (617 modules)
 ✓ Compiled in 215ms (617 modules)
 ✓ Compiled in 276ms (617 modules)
 ✓ Compiled in 214ms (617 modules)
 ✓ Compiled in 206ms (617 modules)
 ✓ Compiled in 204ms (617 modules)
 ✓ Compiled in 203ms (617 modules)
 ✓ Compiled in 204ms (617 modules)
 ✓ Compiled in 204ms (617 modules)
 ✓ Compiled in 204ms (617 modules)
 ✓ Compiled in 211ms (617 modules)
 ✓ Compiled in 216ms (617 modules)
 ✓ Compiled in 264ms (617 modules)
 ✓ Compiled in 213ms (617 modules)
 ✓ Compiled in 202ms (617 modules)
 ✓ Compiled in 203ms (617 modules)
 ✓ Compiled in 237ms (617 modules)
 ✓ Compiled in 196ms (617 modules)
 ✓ Compiled in 197ms (617 modules)
 ✓ Compiled in 198ms (617 modules)
 ✓ Compiled in 199ms (617 modules)
 ✓ Compiled in 201ms (617 modules)
 ✓ Compiled in 267ms (617 modules)
 ✓ Compiled in 219ms (617 modules)
 ✓ Compiled in 207ms (617 modules)
 ✓ Compiled in 193ms (617 modules)
 ✓ Compiled in 199ms (617 modules)
 ✓ Compiled in 205ms (617 modules)
 ✓ Compiled in 205ms (617 modules)
 ✓ Compiled in 197ms (617 modules)
 ✓ Compiled in 190ms (617 modules)
 ✓ Compiled in 197ms (617 modules)
 ✓ Compiled in 264ms (617 modules)
 ✓ Compiled in 217ms (617 modules)
 ✓ Compiled in 203ms (617 modules)
 ✓ Compiled in 202ms (617 modules)
 ✓ Compiled in 199ms (617 modules)
 ✓ Compiled in 197ms (617 modules)
 ✓ Compiled in 193ms (617 modules)
 ✓ Compiled in 196ms (617 modules)
 ✓ Compiled in 199ms (617 modules)
 ✓ Compiled in 196ms (617 modules)
 ✓ Compiled in 276ms (617 modules)
 ✓ Compiled in 223ms (617 modules)
 ✓ Compiled in 208ms (617 modules)
 ✓ Compiled in 198ms (617 modules)
 ✓ Compiled in 206ms (617 modules)
 ✓ Compiled in 201ms (617 modules)
 ✓ Compiled in 203ms (617 modules)
 ✓ Compiled in 199ms (617 modules)
 ✓ Compiled in 200ms (617 modules)
 ✓ Compiled in 205ms (617 modules)
 ✓ Compiled in 256ms (617 modules)
 ✓ Compiled in 206ms (617 modules)
 ✓ Compiled in 205ms (617 modules)
 ✓ Compiled in 191ms (617 modules)
 ✓ Compiled in 198ms (617 modules)
 ✓ Compiled in 204ms (617 modules)
 ✓ Compiled in 194ms (617 modules)
 ✓ Compiled in 198ms (617 modules)
 ✓ Compiled in 204ms (617 modules)
 ✓ Compiled in 213ms (617 modules)
 ✓ Compiled in 268ms (617 modules)
 ✓ Compiled in 207ms (617 modules)
 ✓ Compiled in 209ms (617 modules)
 ✓ Compiled in 201ms (617 modules)
 ✓ Compiled in 198ms (617 modules)
 ✓ Compiled in 201ms (617 modules)
 ✓ Compiled in 193ms (617 modules)
 ✓ Compiled in 196ms (617 modules)
 ✓ Compiled in 192ms (617 modules)
 ✓ Compiled in 197ms (617 modules)
 ✓ Compiled in 252ms (617 modules)
 ✓ Compiled in 198ms (617 modules)
 ✓ Compiled in 199ms (617 modules)
 ✓ Compiled in 197ms (617 modules)
 ✓ Compiled in 194ms (617 modules)
 ✓ Compiled in 194ms (617 modules)
 ✓ Compiled in 198ms (617 modules)
 ✓ Compiled in 196ms (617 modules)
 ✓ Compiled in 194ms (617 modules)
 ✓ Compiled in 200ms (617 modules)
 ✓ Compiled in 272ms (617 modules)
 ✓ Compiled in 203ms (617 modules)
 ✓ Compiled in 214ms (617 modules)
 ✓ Compiled in 201ms (617 modules)
 ✓ Compiled in 232ms (617 modules)
 ✓ Compiled in 208ms (617 modules)
 ✓ Compiled in 196ms (617 modules)
 ✓ Compiled in 201ms (617 modules)
 ✓ Compiled in 202ms (617 modules)
 ✓ Compiled in 211ms (617 modules)
 ✓ Compiled in 259ms (617 modules)
 ✓ Compiled in 206ms (617 modules)
 ✓ Compiled in 196ms (617 modules)
 ✓ Compiled in 196ms (617 modules)
 ✓ Compiled in 194ms (617 modules)
 ✓ Compiled in 206ms (617 modules)
 ✓ Compiled in 202ms (617 modules)
 ✓ Compiled in 195ms (617 modules)
 ✓ Compiled in 192ms (617 modules)
 ✓ Compiled in 195ms (617 modules)
 ✓ Compiled in 265ms (617 modules)
 ✓ Compiled in 201ms (617 modules)
 ✓ Compiled in 199ms (617 modules)
 ✓ Compiled in 194ms (617 modules)
 ✓ Compiled in 195ms (617 modules)
 ✓ Compiled in 195ms (617 modules)
 ✓ Compiled in 203ms (617 modules)
 ✓ Compiled in 194ms (617 modules)
 ✓ Compiled in 200ms (617 modules)
 ✓ Compiled in 196ms (617 modules)
 ✓ Compiled in 255ms (617 modules)
 ✓ Compiled in 204ms (617 modules)
 ✓ Compiled in 204ms (617 modules)
 ✓ Compiled in 198ms (617 modules)
 ✓ Compiled in 199ms (617 modules)
 ✓ Compiled in 193ms (617 modules)
 ✓ Compiled in 192ms (617 modules)
 ✓ Compiled in 188ms (617 modules)
 ✓ Compiled in 192ms (617 modules)
 ✓ Compiled in 196ms (617 modules)
 ✓ Compiled in 262ms (617 modules)
 ✓ Compiled in 202ms (617 modules)
 ✓ Compiled in 202ms (617 modules)
 ✓ Compiled in 196ms (617 modules)
 ✓ Compiled in 197ms (617 modules)
 ✓ Compiled in 204ms (617 modules)
 ✓ Compiled in 204ms (617 modules)
 ✓ Compiled in 202ms (617 modules)
 ✓ Compiled in 198ms (617 modules)
 ✓ Compiled in 202ms (617 modules)
 ✓ Compiled in 263ms (617 modules)
 ✓ Compiled in 201ms (617 modules)
 ✓ Compiled in 201ms (617 modules)
 ✓ Compiled in 195ms (617 modules)
 ✓ Compiled in 191ms (617 modules)
 ✓ Compiled in 197ms (617 modules)
 ✓ Compiled in 195ms (617 modules)
 ✓ Compiled in 197ms (617 modules)
 ✓ Compiled in 196ms (617 modules)
 ✓ Compiled in 199ms (617 modules)
 ✓ Compiled in 267ms (617 modules)
 ✓ Compiled in 210ms (617 modules)
 ✓ Compiled in 202ms (617 modules)
 ✓ Compiled in 197ms (617 modules)
 ✓ Compiled in 197ms (617 modules)
 ✓ Compiled in 199ms (617 modules)
 ✓ Compiled in 193ms (617 modules)
 ✓ Compiled in 193ms (617 modules)
 ✓ Compiled in 192ms (617 modules)
 ✓ Compiled in 200ms (617 modules)
 ✓ Compiled in 252ms (617 modules)
 ✓ Compiled in 202ms (617 modules)
 ✓ Compiled in 201ms (617 modules)
 ✓ Compiled in 193ms (617 modules)
 ✓ Compiled in 194ms (617 modules)
 ✓ Compiled in 195ms (617 modules)
 ✓ Compiled in 199ms (617 modules)
 ✓ Compiled in 198ms (617 modules)
 ✓ Compiled in 192ms (617 modules)
 ✓ Compiled in 229ms (617 modules)
 ✓ Compiled in 262ms (617 modules)
 ✓ Compiled in 201ms (617 modules)
 ✓ Compiled in 196ms (617 modules)
 ✓ Compiled in 196ms (617 modules)
 ✓ Compiled in 196ms (617 modules)
 ✓ Compiled in 190ms (617 modules)
 ✓ Compiled in 188ms (617 modules)
 ✓ Compiled in 193ms (617 modules)
 ✓ Compiled in 203ms (617 modules)
 ✓ Compiled in 207ms (617 modules)
 ✓ Compiled in 263ms (617 modules)
 ✓ Compiled in 206ms (617 modules)
 ✓ Compiled in 193ms (617 modules)
 ✓ Compiled in 194ms (617 modules)
 ✓ Compiled in 192ms (617 modules)
 ✓ Compiled in 193ms (617 modules)
 ✓ Compiled in 199ms (617 modules)
 ✓ Compiled in 199ms (617 modules)
 ✓ Compiled in 202ms (617 modules)
 ✓ Compiled in 200ms (617 modules)
 ✓ Compiled in 271ms (617 modules)
 ✓ Compiled in 211ms (617 modules)
 ✓ Compiled in 208ms (617 modules)
 ✓ Compiled in 199ms (617 modules)
 ✓ Compiled in 194ms (617 modules)
 ✓ Compiled in 198ms (617 modules)
 ✓ Compiled in 200ms (617 modules)
 ✓ Compiled in 198ms (617 modules)
 ✓ Compiled in 195ms (617 modules)
 ✓ Compiled in 195ms (617 modules)
 ✓ Compiled in 256ms (617 modules)
 ✓ Compiled in 213ms (617 modules)
 ✓ Compiled in 200ms (617 modules)
 ✓ Compiled in 195ms (617 modules)
 ✓ Compiled in 194ms (617 modules)
 ✓ Compiled in 189ms (617 modules)
 ✓ Compiled in 195ms (617 modules)
 ✓ Compiled in 199ms (617 modules)
 ✓ Compiled in 204ms (617 modules)
 ✓ Compiled in 203ms (617 modules)
 ✓ Compiled in 266ms (617 modules)
 ✓ Compiled in 208ms (617 modules)
 ✓ Compiled in 193ms (617 modules)
 ✓ Compiled in 200ms (617 modules)
 ✓ Compiled in 192ms (617 modules)
 ✓ Compiled in 195ms (617 modules)
 ✓ Compiled in 204ms (617 modules)
 ✓ Compiled in 193ms (617 modules)
 ✓ Compiled in 201ms (617 modules)
 ✓ Compiled in 200ms (617 modules)
 ✓ Compiled in 259ms (617 modules)
 ✓ Compiled in 203ms (617 modules)
 ✓ Compiled in 198ms (617 modules)
 ✓ Compiled in 191ms (617 modules)
 ✓ Compiled in 190ms (617 modules)
 ✓ Compiled in 194ms (617 modules)
 ✓ Compiled in 192ms (617 modules)
 ✓ Compiled in 196ms (617 modules)
 ✓ Compiled in 206ms (617 modules)
 ✓ Compiled in 211ms (617 modules)
 ✓ Compiled in 268ms (617 modules)
 ✓ Compiled in 208ms (617 modules)
 ✓ Compiled in 204ms (617 modules)
 ✓ Compiled in 196ms (617 modules)
 ✓ Compiled in 199ms (617 modules)
 ✓ Compiled in 196ms (617 modules)
 ✓ Compiled in 200ms (617 modules)
 ✓ Compiled in 205ms (617 modules)
 ✓ Compiled in 202ms (617 modules)
 ✓ Compiled in 239ms (617 modules)
 ✓ Compiled in 258ms (617 modules)
 ✓ Compiled in 205ms (617 modules)
 ✓ Compiled in 201ms (617 modules)
 ✓ Compiled in 192ms (617 modules)
 ✓ Compiled in 199ms (617 modules)
 ✓ Compiled in 191ms (617 modules)
 ✓ Compiled in 203ms (617 modules)
 ✓ Compiled in 192ms (617 modules)
 ✓ Compiled in 191ms (617 modules)
 ✓ Compiled in 200ms (617 modules)
 ✓ Compiled in 270ms (617 modules)
 ✓ Compiled in 217ms (617 modules)
 ✓ Compiled in 204ms (617 modules)
 ✓ Compiled in 196ms (617 modules)
 ✓ Compiled in 205ms (617 modules)
 ✓ Compiled in 192ms (617 modules)
 ✓ Compiled in 194ms (617 modules)
 ✓ Compiled in 191ms (617 modules)
 ✓ Compiled in 193ms (617 modules)
 ✓ Compiled in 200ms (617 modules)
 ✓ Compiled in 260ms (617 modules)
 ✓ Compiled in 202ms (617 modules)
 ✓ Compiled in 198ms (617 modules)
 ✓ Compiled in 201ms (617 modules)
 ✓ Compiled in 199ms (617 modules)
 ✓ Compiled in 206ms (617 modules)
 ✓ Compiled in 207ms (617 modules)
 ✓ Compiled in 196ms (617 modules)
 ✓ Compiled in 200ms (617 modules)
 ✓ Compiled in 207ms (617 modules)
 ✓ Compiled in 262ms (617 modules)
 ✓ Compiled in 208ms (617 modules)
 ✓ Compiled in 201ms (617 modules)
 ✓ Compiled in 205ms (617 modules)
 ✓ Compiled in 352ms (617 modules)
 ✓ Compiled in 313ms (617 modules)
 ✓ Compiled in 237ms (617 modules)
 ✓ Compiled in 223ms (617 modules)
 ✓ Compiled in 219ms (617 modules)
 ✓ Compiled in 200ms (617 modules)
 ✓ Compiled in 202ms (617 modules)
 ✓ Compiled in 197ms (617 modules)
 ✓ Compiled in 194ms (617 modules)
 ✓ Compiled in 194ms (617 modules)
 ✓ Compiled in 198ms (617 modules)
 ✓ Compiled in 199ms (617 modules)
 ✓ Compiled in 270ms (617 modules)
 ✓ Compiled in 200ms (617 modules)
 ✓ Compiled in 196ms (617 modules)
 ✓ Compiled in 202ms (617 modules)
 ✓ Compiled in 191ms (617 modules)
 ✓ Compiled in 196ms (617 modules)
 ✓ Compiled in 202ms (617 modules)
 ✓ Compiled in 189ms (617 modules)
 ✓ Compiled in 214ms (617 modules)
 ✓ Compiled in 206ms (617 modules)
 ✓ Compiled in 264ms (617 modules)
 ✓ Compiled in 208ms (617 modules)
 ✓ Compiled in 207ms (617 modules)
 ✓ Compiled in 204ms (617 modules)
 ✓ Compiled in 207ms (617 modules)
 ✓ Compiled in 203ms (617 modules)
 ✓ Compiled in 197ms (617 modules)
 ✓ Compiled in 209ms (617 modules)
 ✓ Compiled in 196ms (617 modules)
 ✓ Compiled in 212ms (617 modules)
 ✓ Compiled in 267ms (617 modules)
 ✓ Compiled in 219ms (617 modules)
 ✓ Compiled in 203ms (617 modules)
 ✓ Compiled in 196ms (617 modules)
 ✓ Compiled in 202ms (617 modules)
 ✓ Compiled in 201ms (617 modules)
 ✓ Compiled in 238ms (617 modules)
 ✓ Compiled in 195ms (617 modules)
 ✓ Compiled in 190ms (617 modules)
 ✓ Compiled in 199ms (617 modules)
 ✓ Compiled in 247ms (617 modules)
 ✓ Compiled in 206ms (617 modules)
 ✓ Compiled in 198ms (617 modules)
 ✓ Compiled in 204ms (617 modules)
 ✓ Compiled in 198ms (617 modules)
 ✓ Compiled in 202ms (617 modules)
 ✓ Compiled in 198ms (617 modules)
 ✓ Compiled in 196ms (617 modules)
 ✓ Compiled in 197ms (617 modules)
 ✓ Compiled in 211ms (617 modules)
 ✓ Compiled in 270ms (617 modules)
 ✓ Compiled in 218ms (617 modules)
 ✓ Compiled in 207ms (617 modules)
 ✓ Compiled in 204ms (617 modules)
 ✓ Compiled in 198ms (617 modules)
 ✓ Compiled in 206ms (617 modules)
 ✓ Compiled in 205ms (617 modules)
 ✓ Compiled in 202ms (617 modules)
 ✓ Compiled in 192ms (617 modules)
 ✓ Compiled in 206ms (617 modules)
 ✓ Compiled in 256ms (617 modules)
 ✓ Compiled in 206ms (617 modules)
 ✓ Compiled in 206ms (617 modules)
 ✓ Compiled in 219ms (617 modules)
 ✓ Compiled in 208ms (617 modules)
 ✓ Compiled in 190ms (617 modules)
 ✓ Compiled in 200ms (617 modules)
 ✓ Compiled in 205ms (617 modules)
 ✓ Compiled in 202ms (617 modules)
 ✓ Compiled in 209ms (617 modules)
 ✓ Compiled in 260ms (617 modules)
 ✓ Compiled in 216ms (617 modules)
 ✓ Compiled in 222ms (617 modules)
 ✓ Compiled in 205ms (617 modules)
 ✓ Compiled in 200ms (617 modules)
 ✓ Compiled in 203ms (617 modules)
 ✓ Compiled in 205ms (617 modules)
 ✓ Compiled in 211ms (617 modules)
 ✓ Compiled in 202ms (617 modules)
 ✓ Compiled in 204ms (617 modules)
 ✓ Compiled in 272ms (617 modules)
 ✓ Compiled in 217ms (617 modules)
 ✓ Compiled in 209ms (617 modules)
 ✓ Compiled in 203ms (617 modules)
 ✓ Compiled in 201ms (617 modules)
 ✓ Compiled in 204ms (617 modules)
 ✓ Compiled in 192ms (617 modules)
 ✓ Compiled in 197ms (617 modules)
 ✓ Compiled in 199ms (617 modules)
 ✓ Compiled in 202ms (617 modules)
 ✓ Compiled in 266ms (617 modules)
 ✓ Compiled in 205ms (617 modules)
 ✓ Compiled in 213ms (617 modules)
 ✓ Compiled in 210ms (617 modules)
 ✓ Compiled in 221ms (617 modules)
 ✓ Compiled in 199ms (617 modules)
 ✓ Compiled in 198ms (617 modules)
 ✓ Compiled in 205ms (617 modules)
 ✓ Compiled in 208ms (617 modules)
 ✓ Compiled in 207ms (617 modules)
 ✓ Compiled in 296ms (617 modules)
 ✓ Compiled in 279ms (617 modules)
 ✓ Compiled in 250ms (617 modules)
 ✓ Compiled in 246ms (617 modules)
 ✓ Compiled in 232ms (617 modules)
 ✓ Compiled in 237ms (617 modules)
 ✓ Compiled in 218ms (617 modules)
 ✓ Compiled in 213ms (617 modules)
 ✓ Compiled in 210ms (617 modules)
 ✓ Compiled in 246ms (617 modules)
 ✓ Compiled in 357ms (617 modules)
 ✓ Compiled in 278ms (617 modules)
 ✓ Compiled in 221ms (617 modules)
 ✓ Compiled in 221ms (617 modules)
 ✓ Compiled in 203ms (617 modules)
 ✓ Compiled in 223ms (617 modules)
 ✓ Compiled in 219ms (617 modules)
 ✓ Compiled in 209ms (617 modules)
 ✓ Compiled in 233ms (617 modules)
 ✓ Compiled in 294ms (617 modules)
 ✓ Compiled in 318ms (617 modules)
 ✓ Compiled in 237ms (617 modules)
 ✓ Compiled in 216ms (617 modules)
 ✓ Compiled in 203ms (617 modules)
 ✓ Compiled in 206ms (617 modules)
 ✓ Compiled in 289ms (617 modules)
 ✓ Compiled in 345ms (617 modules)
 ✓ Compiled in 396ms (617 modules)
 ✓ Compiled in 288ms (617 modules)
 ✓ Compiled in 252ms (617 modules)
 ✓ Compiled in 381ms (617 modules)
 ✓ Compiled in 274ms (617 modules)
 ✓ Compiled in 321ms (617 modules)
 ✓ Compiled in 275ms (617 modules)
 ✓ Compiled in 274ms (617 modules)
 ✓ Compiled in 290ms (617 modules)
 ✓ Compiled in 258ms (617 modules)
 ✓ Compiled in 252ms (617 modules)
 ✓ Compiled in 255ms (617 modules)
 ✓ Compiled in 262ms (617 modules)
 ✓ Compiled in 318ms (617 modules)
 ✓ Compiled in 267ms (617 modules)
 ✓ Compiled in 299ms (617 modules)
 ✓ Compiled in 248ms (617 modules)
 ✓ Compiled in 265ms (617 modules)
 ✓ Compiled in 263ms (617 modules)
 ✓ Compiled in 260ms (617 modules)
 ✓ Compiled in 274ms (617 modules)
 ✓ Compiled in 246ms (617 modules)
 ✓ Compiled in 262ms (617 modules)
 ✓ Compiled in 322ms (617 modules)
 ✓ Compiled in 265ms (617 modules)
 ✓ Compiled in 284ms (617 modules)
 ✓ Compiled in 268ms (617 modules)
 ✓ Compiled in 255ms (617 modules)
 ✓ Compiled in 261ms (617 modules)
 ✓ Compiled in 258ms (617 modules)
 ✓ Compiled in 251ms (617 modules)
 ✓ Compiled in 252ms (617 modules)
 ✓ Compiled in 262ms (617 modules)
 ✓ Compiled in 329ms (617 modules)
 ✓ Compiled in 247ms (617 modules)
 ✓ Compiled in 268ms (617 modules)
 ✓ Compiled in 262ms (617 modules)
 ✓ Compiled in 262ms (617 modules)
 ✓ Compiled in 254ms (617 modules)
 ✓ Compiled in 255ms (617 modules)
 ✓ Compiled in 253ms (617 modules)
 ✓ Compiled in 254ms (617 modules)
 ✓ Compiled in 260ms (617 modules)
 ✓ Compiled in 325ms (617 modules)
 ✓ Compiled in 270ms (617 modules)
 ✓ Compiled in 287ms (617 modules)
 ✓ Compiled in 259ms (617 modules)
 ✓ Compiled in 258ms (617 modules)
 ✓ Compiled in 254ms (617 modules)
 ✓ Compiled in 243ms (617 modules)
 ✓ Compiled in 249ms (617 modules)
 ✓ Compiled in 248ms (617 modules)
 ✓ Compiled in 263ms (617 modules)
 ✓ Compiled in 323ms (617 modules)
 ✓ Compiled in 265ms (617 modules)
 ✓ Compiled in 281ms (617 modules)
 ✓ Compiled in 244ms (617 modules)
 ✓ Compiled in 240ms (617 modules)
 ✓ Compiled in 350ms (617 modules)
 ✓ Compiled in 291ms (617 modules)
 ✓ Compiled in 260ms (617 modules)
 ✓ Compiled in 267ms (617 modules)
 ✓ Compiled in 287ms (617 modules)
 ✓ Compiled in 362ms (617 modules)
 ✓ Compiled in 267ms (617 modules)
 ✓ Compiled in 319ms (617 modules)
 ✓ Compiled in 297ms (617 modules)
 ✓ Compiled in 267ms (617 modules)
 ✓ Compiled in 264ms (617 modules)
 ✓ Compiled in 255ms (617 modules)
 ✓ Compiled in 249ms (617 modules)
 ✓ Compiled in 255ms (617 modules)
 ✓ Compiled in 276ms (617 modules)
 ✓ Compiled in 333ms (617 modules)
 ✓ Compiled in 278ms (617 modules)
 ✓ Compiled in 286ms (617 modules)
 ✓ Compiled in 248ms (617 modules)
 ✓ Compiled in 249ms (617 modules)
 ✓ Compiled in 244ms (617 modules)
 ✓ Compiled in 240ms (617 modules)
 ✓ Compiled in 249ms (617 modules)
 ✓ Compiled in 237ms (617 modules)
 ✓ Compiled in 248ms (617 modules)
 ✓ Compiled in 352ms (617 modules)
 ✓ Compiled in 269ms (617 modules)
 ✓ Compiled in 293ms (617 modules)
 ✓ Compiled in 260ms (617 modules)
 ✓ Compiled in 266ms (617 modules)
 ✓ Compiled in 252ms (617 modules)
 ✓ Compiled in 250ms (617 modules)
 ✓ Compiled in 258ms (617 modules)
 ✓ Compiled in 249ms (617 modules)
 ✓ Compiled in 247ms (617 modules)
 ✓ Compiled in 313ms (617 modules)
 ✓ Compiled in 264ms (617 modules)
 ✓ Compiled in 288ms (617 modules)
 ✓ Compiled in 254ms (617 modules)
 ✓ Compiled in 254ms (617 modules)
 ✓ Compiled in 263ms (617 modules)
 ✓ Compiled in 255ms (617 modules)
 ✓ Compiled in 251ms (617 modules)
 ✓ Compiled in 255ms (617 modules)
 ✓ Compiled in 257ms (617 modules)
 ✓ Compiled in 323ms (617 modules)
 ✓ Compiled in 262ms (617 modules)
 ✓ Compiled in 290ms (617 modules)
 ✓ Compiled in 254ms (617 modules)
 ✓ Compiled in 257ms (617 modules)
 ✓ Compiled in 245ms (617 modules)
 ✓ Compiled in 270ms (617 modules)
 ✓ Compiled in 249ms (617 modules)
 ✓ Compiled in 245ms (617 modules)
 ✓ Compiled in 269ms (617 modules)
 ✓ Compiled in 330ms (617 modules)
 ✓ Compiled in 265ms (617 modules)
 ✓ Compiled in 300ms (617 modules)
 ✓ Compiled in 267ms (617 modules)
 ✓ Compiled in 248ms (617 modules)
 ✓ Compiled in 255ms (617 modules)
 ✓ Compiled in 261ms (617 modules)
 ✓ Compiled in 264ms (617 modules)
 ✓ Compiled in 257ms (617 modules)
 ✓ Compiled in 257ms (617 modules)
 ✓ Compiled in 334ms (617 modules)
 ✓ Compiled in 286ms (617 modules)
 ✓ Compiled in 258ms (617 modules)
 ✓ Compiled in 257ms (617 modules)
 ✓ Compiled in 250ms (617 modules)
 ✓ Compiled in 244ms (617 modules)
 ✓ Compiled in 246ms (617 modules)
 ✓ Compiled in 262ms (617 modules)
 ✓ Compiled in 256ms (617 modules)
 ✓ Compiled in 251ms (617 modules)
 ✓ Compiled in 329ms (617 modules)
 ✓ Compiled in 289ms (617 modules)
 ✓ Compiled in 272ms (617 modules)
 ✓ Compiled in 245ms (617 modules)
 ✓ Compiled in 256ms (617 modules)
 ✓ Compiled in 256ms (617 modules)
 ✓ Compiled in 253ms (617 modules)
 ✓ Compiled in 261ms (617 modules)
 ✓ Compiled in 252ms (617 modules)
 ✓ Compiled in 265ms (617 modules)
 ✓ Compiled in 319ms (617 modules)
 ✓ Compiled in 293ms (617 modules)
 ✓ Compiled in 263ms (617 modules)
 ✓ Compiled in 246ms (617 modules)
 ✓ Compiled in 245ms (617 modules)
 ✓ Compiled in 257ms (617 modules)
 ✓ Compiled in 243ms (617 modules)
 ✓ Compiled in 249ms (617 modules)
 ✓ Compiled in 256ms (617 modules)
 ✓ Compiled in 257ms (617 modules)
 ✓ Compiled in 334ms (617 modules)
 ✓ Compiled in 293ms (617 modules)
 ✓ Compiled in 274ms (617 modules)
 ✓ Compiled in 252ms (617 modules)
 ✓ Compiled in 247ms (617 modules)
 ✓ Compiled in 238ms (617 modules)
 ✓ Compiled in 250ms (617 modules)
 ✓ Compiled in 252ms (617 modules)
 ✓ Compiled in 248ms (617 modules)
 ✓ Compiled in 265ms (617 modules)
 ✓ Compiled in 319ms (617 modules)
 ✓ Compiled in 289ms (617 modules)
 ✓ Compiled in 265ms (617 modules)
 ✓ Compiled in 252ms (617 modules)
 ✓ Compiled in 248ms (617 modules)
 ✓ Compiled in 258ms (617 modules)
 ✓ Compiled in 244ms (617 modules)
 ✓ Compiled in 251ms (617 modules)
 ✓ Compiled in 251ms (617 modules)
 ✓ Compiled in 254ms (617 modules)
 ✓ Compiled in 313ms (617 modules)
 ✓ Compiled in 297ms (617 modules)
 ✓ Compiled in 278ms (617 modules)
 ✓ Compiled in 259ms (617 modules)
 ✓ Compiled in 254ms (617 modules)
 ✓ Compiled in 246ms (617 modules)
 ✓ Compiled in 251ms (617 modules)
 ✓ Compiled in 249ms (617 modules)
 ✓ Compiled in 258ms (617 modules)
 ✓ Compiled in 251ms (617 modules)
 ✓ Compiled in 353ms (617 modules)
 ✓ Compiled in 296ms (617 modules)
 ✓ Compiled in 267ms (617 modules)
 ✓ Compiled in 255ms (617 modules)
 ✓ Compiled in 239ms (617 modules)
 ✓ Compiled in 241ms (617 modules)
 ✓ Compiled in 249ms (617 modules)
 ✓ Compiled in 253ms (617 modules)
 ✓ Compiled in 255ms (617 modules)
 ✓ Compiled in 254ms (617 modules)
 ✓ Compiled in 310ms (617 modules)
 ✓ Compiled in 288ms (617 modules)
 ✓ Compiled in 264ms (617 modules)
 ✓ Compiled in 251ms (617 modules)
 ✓ Compiled in 253ms (617 modules)
 ✓ Compiled in 247ms (617 modules)
 ✓ Compiled in 246ms (617 modules)
 ✓ Compiled in 246ms (617 modules)
 ✓ Compiled in 258ms (617 modules)
 ✓ Compiled in 261ms (617 modules)
 ✓ Compiled in 327ms (617 modules)
 ✓ Compiled in 307ms (617 modules)
 ✓ Compiled in 262ms (617 modules)
 ✓ Compiled in 255ms (617 modules)
 ✓ Compiled in 230ms (617 modules)
 ✓ Compiled in 237ms (617 modules)
 ✓ Compiled in 256ms (617 modules)
 ✓ Compiled in 252ms (617 modules)
 ✓ Compiled in 259ms (617 modules)
 ✓ Compiled in 258ms (617 modules)
 ✓ Compiled in 324ms (617 modules)
 ✓ Compiled in 297ms (617 modules)
 ✓ Compiled in 261ms (617 modules)
 ✓ Compiled in 259ms (617 modules)
 ✓ Compiled in 256ms (617 modules)
 ✓ Compiled in 248ms (617 modules)
 ✓ Compiled in 261ms (617 modules)
 ✓ Compiled in 254ms (617 modules)
 ✓ Compiled in 252ms (617 modules)
 ✓ Compiled in 254ms (617 modules)
 ✓ Compiled in 332ms (617 modules)
 ✓ Compiled in 297ms (617 modules)
 ✓ Compiled in 275ms (617 modules)
 ✓ Compiled in 260ms (617 modules)
 ✓ Compiled in 260ms (617 modules)
 ✓ Compiled in 251ms (617 modules)
 ✓ Compiled in 253ms (617 modules)
 ✓ Compiled in 250ms (617 modules)
 ✓ Compiled in 237ms (617 modules)
 ✓ Compiled in 275ms (617 modules)
 ✓ Compiled in 319ms (617 modules)
 ✓ Compiled in 297ms (617 modules)
 ✓ Compiled in 261ms (617 modules)
 ✓ Compiled in 265ms (617 modules)
 ✓ Compiled in 251ms (617 modules)
 ✓ Compiled in 251ms (617 modules)
 ✓ Compiled in 258ms (617 modules)
 ✓ Compiled in 251ms (617 modules)
 ✓ Compiled in 244ms (617 modules)
 ✓ Compiled in 248ms (617 modules)
 ✓ Compiled in 336ms (617 modules)
 ✓ Compiled in 295ms (617 modules)
 ✓ Compiled in 259ms (617 modules)
 ✓ Compiled in 254ms (613 modules)
 ✓ Compiled in 237ms (613 modules)
 ✓ Compiled in 243ms (613 modules)
 ✓ Compiled in 258ms (613 modules)
 ✓ Compiled in 247ms (613 modules)
 ✓ Compiled in 238ms (613 modules)
 ✓ Compiled in 262ms (613 modules)
 ✓ Compiled in 327ms (613 modules)
 ✓ Compiled in 284ms (613 modules)
 ✓ Compiled in 263ms (613 modules)
 ✓ Compiled in 252ms (613 modules)
 ✓ Compiled in 256ms (613 modules)
 ✓ Compiled in 246ms (613 modules)
 ✓ Compiled in 266ms (613 modules)
 ✓ Compiled in 252ms (613 modules)
 ✓ Compiled in 247ms (613 modules)
 ✓ Compiled in 265ms (613 modules)
 ✓ Compiled in 308ms (613 modules)
 ✓ Compiled in 286ms (613 modules)
 ✓ Compiled in 255ms (613 modules)
 ✓ Compiled in 257ms (613 modules)
 ✓ Compiled in 251ms (613 modules)
 ✓ Compiled in 256ms (613 modules)
 ✓ Compiled in 248ms (613 modules)
 ✓ Compiled in 249ms (613 modules)
 ✓ Compiled in 239ms (613 modules)
 ✓ Compiled in 276ms (613 modules)
 ✓ Compiled in 323ms (613 modules)
 ✓ Compiled in 294ms (613 modules)
 ✓ Compiled in 264ms (613 modules)
 ✓ Compiled in 251ms (613 modules)
 ✓ Compiled in 250ms (613 modules)
 ✓ Compiled in 256ms (613 modules)
 ✓ Compiled in 270ms (613 modules)
 ✓ Compiled in 250ms (613 modules)
 ✓ Compiled in 247ms (613 modules)
 ✓ Compiled in 260ms (613 modules)
 ✓ Compiled in 353ms (613 modules)
 ✓ Compiled in 271ms (613 modules)
 ✓ Compiled in 254ms (613 modules)
 ✓ Compiled in 265ms (613 modules)
 ✓ Compiled in 258ms (613 modules)
 ✓ Compiled in 258ms (613 modules)
 ✓ Compiled in 243ms (613 modules)
 ✓ Compiled in 243ms (613 modules)
 ✓ Compiled in 256ms (613 modules)
 ✓ Compiled in 258ms (613 modules)
 ✓ Compiled in 345ms (613 modules)
 ✓ Compiled in 275ms (613 modules)
 ✓ Compiled in 283ms (613 modules)
 ✓ Compiled in 289ms (613 modules)
 ✓ Compiled in 259ms (613 modules)
 ✓ Compiled in 291ms (613 modules)
 ✓ Compiled in 257ms (613 modules)
 ✓ Compiled in 249ms (613 modules)
 ✓ Compiled in 253ms (613 modules)
 ✓ Compiled in 259ms (613 modules)
 ✓ Compiled in 349ms (613 modules)
 ✓ Compiled in 260ms (613 modules)
 ✓ Compiled in 250ms (613 modules)
 ✓ Compiled in 256ms (613 modules)
 ✓ Compiled in 239ms (613 modules)
 ✓ Compiled in 240ms (613 modules)
 ✓ Compiled in 247ms (613 modules)
 ✓ Compiled in 243ms (613 modules)
 ✓ Compiled in 248ms (613 modules)
 ✓ Compiled in 260ms (613 modules)
 ✓ Compiled in 328ms (613 modules)
 ✓ Compiled in 301ms (613 modules)
 ✓ Compiled in 262ms (613 modules)
 ✓ Compiled in 277ms (613 modules)
 ✓ Compiled in 262ms (613 modules)
 ✓ Compiled in 250ms (613 modules)
 ✓ Compiled in 257ms (613 modules)
 ✓ Compiled in 253ms (613 modules)
 ✓ Compiled in 243ms (613 modules)
 ✓ Compiled in 258ms (613 modules)
 ✓ Compiled in 347ms (613 modules)
 ✓ Compiled in 290ms (613 modules)
 ✓ Compiled in 377ms (613 modules)
 ✓ Compiled in 311ms (613 modules)
 ✓ Compiled in 253ms (613 modules)
 ✓ Compiled in 264ms (613 modules)
 ✓ Compiled in 261ms (613 modules)
 ✓ Compiled in 260ms (613 modules)
 ✓ Compiled in 254ms (613 modules)
 ✓ Compiled in 264ms (613 modules)
 ✓ Compiled in 360ms (613 modules)
 ✓ Compiled in 280ms (613 modules)
 ✓ Compiled in 265ms (613 modules)
 ✓ Compiled in 254ms (613 modules)
 ✓ Compiled in 275ms (613 modules)
 ✓ Compiled in 267ms (613 modules)
 ✓ Compiled in 274ms (613 modules)
 ✓ Compiled in 261ms (613 modules)
 ✓ Compiled in 267ms (613 modules)
 ✓ Compiled in 258ms (613 modules)
 ✓ Compiled in 356ms (613 modules)
 ✓ Compiled in 265ms (613 modules)
 ✓ Compiled in 257ms (613 modules)
 ✓ Compiled in 252ms (613 modules)
 ✓ Compiled in 255ms (613 modules)
 ✓ Compiled in 260ms (613 modules)
 ✓ Compiled in 253ms (613 modules)
 ✓ Compiled in 262ms (613 modules)
 ✓ Compiled in 261ms (613 modules)
 ✓ Compiled in 265ms (613 modules)
 ✓ Compiled in 389ms (613 modules)
 ✓ Compiled in 272ms (613 modules)
 ✓ Compiled in 277ms (613 modules)
 ✓ Compiled in 251ms (613 modules)
 ✓ Compiled in 266ms (613 modules)
 ✓ Compiled in 260ms (613 modules)
 ✓ Compiled in 261ms (613 modules)
 ✓ Compiled in 246ms (613 modules)
 ✓ Compiled in 266ms (613 modules)
 ✓ Compiled in 255ms (613 modules)
 ✓ Compiled in 357ms (613 modules)
 ✓ Compiled in 267ms (613 modules)
 ✓ Compiled in 261ms (613 modules)
 ✓ Compiled in 259ms (613 modules)
 ✓ Compiled in 256ms (613 modules)
 ✓ Compiled in 262ms (613 modules)
 ✓ Compiled in 263ms (613 modules)
 ✓ Compiled in 265ms (613 modules)
 ✓ Compiled in 253ms (613 modules)
 ✓ Compiled in 255ms (613 modules)
 ✓ Compiled in 385ms (613 modules)
 ✓ Compiled in 274ms (613 modules)
 ✓ Compiled in 251ms (613 modules)
 ✓ Compiled in 246ms (613 modules)
 ✓ Compiled in 263ms (613 modules)
 ✓ Compiled in 260ms (613 modules)
 ✓ Compiled in 255ms (613 modules)
 ✓ Compiled in 245ms (613 modules)
 ✓ Compiled in 256ms (613 modules)
 ✓ Compiled in 268ms (613 modules)
 ✓ Compiled in 360ms (613 modules)
 ✓ Compiled in 272ms (613 modules)
 ✓ Compiled in 254ms (613 modules)
 ✓ Compiled in 251ms (613 modules)
 ✓ Compiled in 246ms (613 modules)
 ✓ Compiled in 259ms (613 modules)
 ✓ Compiled in 259ms (613 modules)
 ✓ Compiled in 253ms (613 modules)
 ✓ Compiled in 255ms (613 modules)
 ✓ Compiled in 270ms (613 modules)
 ✓ Compiled in 342ms (613 modules)
 ✓ Compiled in 299ms (613 modules)
 ✓ Compiled in 267ms (613 modules)
 ✓ Compiled in 255ms (613 modules)
 ✓ Compiled in 245ms (613 modules)
 ✓ Compiled in 245ms (613 modules)
 ✓ Compiled in 258ms (613 modules)
 ✓ Compiled in 248ms (613 modules)
 ✓ Compiled in 249ms (613 modules)
 ✓ Compiled in 255ms (613 modules)
 ✓ Compiled in 315ms (613 modules)
 ✓ Compiled in 307ms (613 modules)
 ✓ Compiled in 259ms (613 modules)
 ✓ Compiled in 269ms (613 modules)
 ✓ Compiled in 256ms (613 modules)
 ✓ Compiled in 255ms (613 modules)
 ✓ Compiled in 260ms (613 modules)
 ✓ Compiled in 257ms (613 modules)
 ✓ Compiled in 244ms (613 modules)
 ✓ Compiled in 270ms (613 modules)
 ✓ Compiled in 331ms (613 modules)
 ✓ Compiled in 321ms (613 modules)
 ✓ Compiled in 270ms (613 modules)
 ✓ Compiled in 263ms (613 modules)
 ✓ Compiled in 254ms (613 modules)
 ✓ Compiled in 250ms (613 modules)
 ✓ Compiled in 267ms (613 modules)
 ✓ Compiled in 250ms (613 modules)
 ✓ Compiled in 257ms (613 modules)
 ✓ Compiled in 256ms (613 modules)
 ✓ Compiled in 320ms (613 modules)
 ✓ Compiled in 324ms (613 modules)
 ✓ Compiled in 279ms (613 modules)
 ✓ Compiled in 259ms (613 modules)
 ✓ Compiled in 262ms (613 modules)
 ✓ Compiled in 243ms (613 modules)
 ✓ Compiled in 265ms (613 modules)
 ✓ Compiled in 262ms (613 modules)
 ✓ Compiled in 259ms (613 modules)
 ✓ Compiled in 269ms (613 modules)
 ✓ Compiled in 341ms (613 modules)
 ✓ Compiled in 311ms (613 modules)
 ✓ Compiled in 269ms (613 modules)
 ✓ Compiled in 252ms (613 modules)
 ✓ Compiled in 247ms (613 modules)
 ✓ Compiled in 270ms (613 modules)
 ✓ Compiled in 266ms (613 modules)
 ✓ Compiled in 256ms (613 modules)
 ✓ Compiled in 250ms (613 modules)
 ✓ Compiled in 273ms (613 modules)
 ✓ Compiled in 331ms (613 modules)
 ✓ Compiled in 324ms (613 modules)
 ✓ Compiled in 274ms (613 modules)
 ✓ Compiled in 265ms (613 modules)
 ✓ Compiled in 267ms (613 modules)
 ✓ Compiled in 252ms (613 modules)
 ✓ Compiled in 254ms (613 modules)
 ✓ Compiled in 253ms (613 modules)
 ✓ Compiled in 261ms (613 modules)
 ✓ Compiled in 267ms (613 modules)
 ✓ Compiled in 320ms (613 modules)
 ✓ Compiled in 317ms (613 modules)
 ✓ Compiled in 269ms (613 modules)
 ✓ Compiled in 270ms (613 modules)
 ✓ Compiled in 256ms (613 modules)
 ✓ Compiled in 264ms (613 modules)
 ✓ Compiled in 252ms (613 modules)
 ✓ Compiled in 267ms (613 modules)
 ✓ Compiled in 262ms (613 modules)
 ✓ Compiled in 284ms (613 modules)
 ✓ Compiled in 326ms (613 modules)
 ✓ Compiled in 308ms (613 modules)
 ✓ Compiled in 256ms (613 modules)
 ✓ Compiled in 267ms (613 modules)
 ✓ Compiled in 250ms (613 modules)
 ✓ Compiled in 255ms (613 modules)
 ✓ Compiled in 256ms (613 modules)
 ✓ Compiled in 272ms (613 modules)
 ✓ Compiled in 251ms (613 modules)
 ✓ Compiled in 275ms (613 modules)
 ✓ Compiled in 321ms (613 modules)
 ✓ Compiled in 299ms (613 modules)
 ✓ Compiled in 265ms (613 modules)
 ✓ Compiled in 264ms (613 modules)
 ✓ Compiled in 257ms (613 modules)
 ✓ Compiled in 267ms (613 modules)
 ✓ Compiled in 260ms (613 modules)
 ✓ Compiled in 248ms (613 modules)
 ✓ Compiled in 255ms (613 modules)
 ✓ Compiled in 267ms (613 modules)
 ✓ Compiled in 323ms (613 modules)
 ✓ Compiled in 296ms (613 modules)
 ✓ Compiled in 271ms (613 modules)
 ✓ Compiled in 276ms (613 modules)
 ✓ Compiled in 271ms (613 modules)
 ✓ Compiled in 255ms (613 modules)
 ✓ Compiled in 250ms (613 modules)
 ✓ Compiled in 266ms (613 modules)
 ✓ Compiled in 264ms (613 modules)
 ✓ Compiled in 249ms (613 modules)
 ✓ Compiled in 324ms (613 modules)
 ✓ Compiled in 319ms (613 modules)
 ✓ Compiled in 271ms (613 modules)
 ✓ Compiled in 270ms (613 modules)
 ✓ Compiled in 260ms (613 modules)
 ✓ Compiled in 251ms (613 modules)
 ✓ Compiled in 259ms (613 modules)
 ✓ Compiled in 254ms (613 modules)
 ✓ Compiled in 316ms (613 modules)
 ✓ Compiled in 331ms (613 modules)
 ✓ Compiled in 452ms (613 modules)
 ✓ Compiled in 344ms (613 modules)
 ✓ Compiled in 287ms (613 modules)
 ✓ Compiled in 254ms (613 modules)
 ✓ Compiled in 258ms (613 modules)
 ✓ Compiled in 283ms (613 modules)
 ✓ Compiled in 261ms (613 modules)
 ✓ Compiled in 276ms (613 modules)
 ✓ Compiled in 284ms (613 modules)
 ✓ Compiled in 281ms (613 modules)
 ✓ Compiled in 384ms (613 modules)
 ✓ Compiled in 273ms (613 modules)
 ✓ Compiled in 289ms (613 modules)
 ✓ Compiled in 265ms (613 modules)
 ✓ Compiled in 274ms (613 modules)
 ✓ Compiled in 269ms (613 modules)
 ✓ Compiled in 267ms (613 modules)
 ✓ Compiled in 251ms (613 modules)
 ✓ Compiled in 272ms (613 modules)
 ✓ Compiled in 264ms (613 modules)
 ✓ Compiled in 328ms (613 modules)
 ✓ Compiled in 262ms (613 modules)
 ✓ Compiled in 289ms (613 modules)
 ✓ Compiled in 256ms (613 modules)
 ✓ Compiled in 257ms (613 modules)
 ✓ Compiled in 259ms (613 modules)
 ✓ Compiled in 257ms (613 modules)
 ✓ Compiled in 248ms (613 modules)
 ✓ Compiled in 250ms (613 modules)
 ✓ Compiled in 277ms (613 modules)
 ✓ Compiled in 324ms (613 modules)
 ✓ Compiled in 274ms (613 modules)
 ✓ Compiled in 296ms (613 modules)
 ✓ Compiled in 258ms (613 modules)
 ✓ Compiled in 250ms (613 modules)
 ✓ Compiled in 261ms (613 modules)
 ✓ Compiled in 279ms (613 modules)
 ✓ Compiled in 246ms (613 modules)
 ✓ Compiled in 267ms (613 modules)
 ✓ Compiled in 263ms (613 modules)
 ✓ Compiled in 318ms (613 modules)
 ✓ Compiled in 270ms (613 modules)
 ✓ Compiled in 282ms (613 modules)
 ✓ Compiled in 268ms (613 modules)
 ✓ Compiled in 252ms (613 modules)
 ✓ Compiled in 248ms (613 modules)
 ✓ Compiled in 256ms (613 modules)
 ✓ Compiled in 254ms (613 modules)
 ✓ Compiled in 256ms (613 modules)
 ✓ Compiled in 271ms (613 modules)
 ✓ Compiled in 333ms (613 modules)
 ✓ Compiled in 274ms (613 modules)
 ✓ Compiled in 301ms (613 modules)
 ✓ Compiled in 259ms (613 modules)
 ✓ Compiled in 250ms (613 modules)
 ✓ Compiled in 282ms (613 modules)
 ✓ Compiled in 262ms (613 modules)
 ✓ Compiled in 255ms (613 modules)
 ✓ Compiled in 264ms (613 modules)
 ✓ Compiled in 272ms (613 modules)
 ✓ Compiled in 339ms (613 modules)
 ✓ Compiled in 261ms (613 modules)
 ✓ Compiled in 294ms (613 modules)
 ✓ Compiled in 263ms (613 modules)
 ✓ Compiled in 269ms (613 modules)
 ✓ Compiled in 250ms (613 modules)
 ✓ Compiled in 254ms (613 modules)
 ✓ Compiled in 258ms (613 modules)
 ✓ Compiled in 267ms (613 modules)
 ✓ Compiled in 271ms (613 modules)
 ✓ Compiled in 336ms (613 modules)
 ✓ Compiled in 271ms (613 modules)
 ✓ Compiled in 307ms (613 modules)
 ✓ Compiled in 262ms (613 modules)
 ✓ Compiled in 262ms (613 modules)
 ✓ Compiled in 248ms (613 modules)
 ✓ Compiled in 252ms (613 modules)
 ✓ Compiled in 259ms (613 modules)
 ✓ Compiled in 241ms (613 modules)
 ✓ Compiled in 260ms (613 modules)
 ✓ Compiled in 324ms (613 modules)
 ✓ Compiled in 291ms (613 modules)
 ✓ Compiled in 310ms (613 modules)
 ✓ Compiled in 276ms (613 modules)
 ✓ Compiled in 268ms (613 modules)
 ✓ Compiled in 281ms (613 modules)
 ✓ Compiled in 282ms (613 modules)
 ✓ Compiled in 246ms (613 modules)
 ✓ Compiled in 249ms (613 modules)
 ✓ Compiled in 275ms (613 modules)
 ✓ Compiled in 332ms (613 modules)
 ✓ Compiled in 277ms (613 modules)
 ✓ Compiled in 303ms (613 modules)
 ✓ Compiled in 263ms (613 modules)
 ✓ Compiled in 250ms (613 modules)
 ✓ Compiled in 258ms (613 modules)
 ✓ Compiled in 265ms (613 modules)
 ✓ Compiled in 268ms (613 modules)
 ✓ Compiled in 273ms (613 modules)
 ✓ Compiled in 273ms (613 modules)
 ✓ Compiled in 311ms (613 modules)
 ✓ Compiled in 264ms (613 modules)
 ✓ Compiled in 300ms (613 modules)
 ✓ Compiled in 274ms (613 modules)
 ✓ Compiled in 247ms (613 modules)
 ✓ Compiled in 255ms (613 modules)
[?25h
